<?xml version="1.0" encoding="UTF-8"?>
<!-- Generated by org.testng.reporters.JUnitXMLReporter -->
<testsuite ignored="0" hostname="Dhanarubans-MBP" failures="0" tests="5" name="Default test" time="26.325" errors="0" timestamp="2021-06-12T20:59:39 CEST">
  <testcase classname="Jsontest.DDTestUsingJSON" name="Subscribe" time="5.158"/>
  <testcase classname="Jsontest.DDTestUsingJSON" name="Subscribe" time="4.145"/>
  <testcase classname="Jsontest.DDTestUsingJSON" name="Subscribe" time="3.893"/>
  <testcase classname="Jsontest.DDTestUsingJSON" name="Subscribe" time="3.934"/>
  <testcase classname="Jsontest.DDTestUsingJSON" name="Subscribe" time="4.006"/>
</testsuite> <!-- Default test -->
