<?xml version="1.0" encoding="UTF-8"?>
<testng-results ignored="0" total="5" passed="5" failed="0" skipped="0">
  <reporter-output>
  </reporter-output>
  <suite started-at="2021-06-12T20:59:12 CEST" name="Default suite" finished-at="2021-06-12T20:59:39 CEST" duration-ms="26325">
    <groups>
    </groups>
    <test started-at="2021-06-12T20:59:12 CEST" name="Default test" finished-at="2021-06-12T20:59:39 CEST" duration-ms="26325">
      <class name="Jsontest.DDTestUsingJSON">
        <test-method is-config="true" signature="setup()[pri:0, instance:Jsontest.DDTestUsingJSON@63a12c68]" started-at="2021-06-12T20:59:12 CEST" name="setup" finished-at="2021-06-12T20:59:17 CEST" duration-ms="4949" status="PASS">
          <reporter-output>
          </reporter-output>
        </test-method> <!-- setup -->
        <test-method signature="Subscribe(java.lang.String)[pri:0, instance:Jsontest.DDTestUsingJSON@63a12c68]" started-at="2021-06-12T20:59:17 CEST" name="Subscribe" description="User can get confirmation message after entering proper email address" data-provider="dp" finished-at="2021-06-12T20:59:23 CEST" duration-ms="5158" status="PASS">
          <params>
            <param index="0">
              <value>
                <![CDATA[example@gmail.com]]>
              </value>
            </param>
          </params>
          <reporter-output>
          </reporter-output>
        </test-method> <!-- Subscribe -->
        <test-method signature="Subscribe(java.lang.String)[pri:0, instance:Jsontest.DDTestUsingJSON@63a12c68]" started-at="2021-06-12T20:59:23 CEST" name="Subscribe" description="User can get confirmation message after entering proper email address" data-provider="dp" finished-at="2021-06-12T20:59:27 CEST" duration-ms="4145" status="PASS">
          <params>
            <param index="0">
              <value>
                <![CDATA[sample@gmail.com]]>
              </value>
            </param>
          </params>
          <reporter-output>
          </reporter-output>
        </test-method> <!-- Subscribe -->
        <test-method signature="Subscribe(java.lang.String)[pri:0, instance:Jsontest.DDTestUsingJSON@63a12c68]" started-at="2021-06-12T20:59:27 CEST" name="Subscribe" description="User can get confirmation message after entering proper email address" data-provider="dp" finished-at="2021-06-12T20:59:31 CEST" duration-ms="3893" status="PASS">
          <params>
            <param index="0">
              <value>
                <![CDATA[example.gmail.com]]>
              </value>
            </param>
          </params>
          <reporter-output>
          </reporter-output>
        </test-method> <!-- Subscribe -->
        <test-method signature="Subscribe(java.lang.String)[pri:0, instance:Jsontest.DDTestUsingJSON@63a12c68]" started-at="2021-06-12T20:59:31 CEST" name="Subscribe" description="User can get confirmation message after entering proper email address" data-provider="dp" finished-at="2021-06-12T20:59:35 CEST" duration-ms="3934" status="PASS">
          <params>
            <param index="0">
              <value>
                <![CDATA[gmail.com]]>
              </value>
            </param>
          </params>
          <reporter-output>
          </reporter-output>
        </test-method> <!-- Subscribe -->
        <test-method signature="Subscribe(java.lang.String)[pri:0, instance:Jsontest.DDTestUsingJSON@63a12c68]" started-at="2021-06-12T20:59:35 CEST" name="Subscribe" description="User can get confirmation message after entering proper email address" data-provider="dp" finished-at="2021-06-12T20:59:39 CEST" duration-ms="4006" status="PASS">
          <params>
            <param index="0">
              <value>
                <![CDATA[sample@com]]>
              </value>
            </param>
          </params>
          <reporter-output>
          </reporter-output>
        </test-method> <!-- Subscribe -->
        <test-method is-config="true" signature="tearDown()[pri:0, instance:Jsontest.DDTestUsingJSON@63a12c68]" started-at="2021-06-12T20:59:39 CEST" name="tearDown" finished-at="2021-06-12T20:59:39 CEST" duration-ms="146" status="PASS">
          <reporter-output>
          </reporter-output>
        </test-method> <!-- tearDown -->
      </class> <!-- Jsontest.DDTestUsingJSON -->
    </test> <!-- Default test -->
  </suite> <!-- Default suite -->
</testng-results>
